c:\users\dallin\source\repos\raytracer\raytracer\x64\debug\vc143.pdb
c:\users\dallin\source\repos\raytracer\raytracer\x64\debug\vc143.idb
c:\users\dallin\source\repos\raytracer\raytracer\x64\debug\vec.obj
c:\users\dallin\source\repos\raytracer\raytracer\x64\debug\ray.obj
c:\users\dallin\source\repos\raytracer\raytracer\x64\debug\main.obj
c:\users\dallin\source\repos\raytracer\raytracer\x64\debug\sphere.obj
c:\users\dallin\source\repos\raytracer\raytracer\x64\debug\material.obj
c:\users\dallin\source\repos\raytracer\raytracer\x64\debug\light.obj
c:\users\dallin\source\repos\raytracer\raytracer\x64\debug\directionallight.obj
c:\users\dallin\source\repos\raytracer\x64\debug\raytracer.exe
c:\users\dallin\source\repos\raytracer\raytracer\x64\debug\raytracer.ilk
c:\users\dallin\source\repos\raytracer\x64\debug\raytracer.pdb
c:\users\dallin\source\repos\raytracer\raytracer\x64\debug\raytracer.res
c:\users\dallin\source\repos\raytracer\raytracer\x64\debug\source.obj
c:\users\dallin\source\repos\raytracer\raytracer\x64\debug\raytracer.tlog\cl.command.1.tlog
c:\users\dallin\source\repos\raytracer\raytracer\x64\debug\raytracer.tlog\cl.read.1.tlog
c:\users\dallin\source\repos\raytracer\raytracer\x64\debug\raytracer.tlog\cl.write.1.tlog
c:\users\dallin\source\repos\raytracer\raytracer\x64\debug\raytracer.tlog\link-cvtres.read.1.tlog
c:\users\dallin\source\repos\raytracer\raytracer\x64\debug\raytracer.tlog\link-cvtres.write.1.tlog
c:\users\dallin\source\repos\raytracer\raytracer\x64\debug\raytracer.tlog\link-rc.read.1.tlog
c:\users\dallin\source\repos\raytracer\raytracer\x64\debug\raytracer.tlog\link-rc.write.1.tlog
c:\users\dallin\source\repos\raytracer\raytracer\x64\debug\raytracer.tlog\link.20348-cvtres.read.1.tlog
c:\users\dallin\source\repos\raytracer\raytracer\x64\debug\raytracer.tlog\link.20348-cvtres.write.1.tlog
c:\users\dallin\source\repos\raytracer\raytracer\x64\debug\raytracer.tlog\link.20348-rc.read.1.tlog
c:\users\dallin\source\repos\raytracer\raytracer\x64\debug\raytracer.tlog\link.20348-rc.write.1.tlog
c:\users\dallin\source\repos\raytracer\raytracer\x64\debug\raytracer.tlog\link.20348.read.1.tlog
c:\users\dallin\source\repos\raytracer\raytracer\x64\debug\raytracer.tlog\link.20348.read.3.tlog
c:\users\dallin\source\repos\raytracer\raytracer\x64\debug\raytracer.tlog\link.20348.write.1.tlog
c:\users\dallin\source\repos\raytracer\raytracer\x64\debug\raytracer.tlog\link.command.1.tlog
c:\users\dallin\source\repos\raytracer\raytracer\x64\debug\raytracer.tlog\link.read.1.tlog
c:\users\dallin\source\repos\raytracer\raytracer\x64\debug\raytracer.tlog\link.read.2.tlog
c:\users\dallin\source\repos\raytracer\raytracer\x64\debug\raytracer.tlog\link.write.1.tlog
c:\users\dallin\source\repos\raytracer\raytracer\x64\debug\raytracer.tlog\rc.command.1.tlog
c:\users\dallin\source\repos\raytracer\raytracer\x64\debug\raytracer.tlog\rc.read.1.tlog
c:\users\dallin\source\repos\raytracer\raytracer\x64\debug\raytracer.tlog\rc.write.1.tlog
